Removed Pin From Net: NetName=NetBMP1_2 Pin=BMP1-2
Removed Pin From Net: NetName=NetBMP1_2 Pin=DHT1-1
Removed Pin From Net: NetName=NetBMP1_2 Pin=GPS1-4
Removed Pin From Net: NetName=NetBMP1_2 Pin=J5-2
Removed Pin From Net: NetName=NetBMP1_2 Pin=MAX1-5
Removed Pin From Net: NetName=NetBMP1_2 Pin=U1-1
Removed Pin From Net: NetName=NetBMP1_2 Pin=U1-6
Removed Pin From Net: NetName=NetBMP1_2 Pin=U1-8
Removed Pin From Net: NetName=NetBMP1_2 Pin=U1-12
Removed Pin From Net: NetName=NetBMP1_2 Pin=U1-15
Removed Pin From Net: NetName=NetBMP1_2 Pin=U1-16
Removed Pin From Net: NetName=NetBMP1_2 Pin=U1-19
Removed Pin From Net: NetName=NetBMP1_2 Pin=U1-24
Removed Pin From Net: NetName=NetBMP1_2 Pin=U1-27
Change Net Name : Old Net Name=NetBMP1_2 New Net Name=NetJ1_1
Added Pin To Net: NetName=NetBMP1_2 Pin=BMP1-2
Added Pin To Net: NetName=NetBMP1_2 Pin=DHT1-1
Added Pin To Net: NetName=NetBMP1_2 Pin=GPS1-4
Added Pin To Net: NetName=NetBMP1_2 Pin=J5-2
Added Pin To Net: NetName=NetBMP1_2 Pin=MAX1-5
Added Pin To Net: NetName=NetBMP1_2 Pin=U1-1
Added Net: Name=NetBMP1_2
