Removed Pin From Net: NetName=GND Pin=J1-1
Removed Pin From Net: NetName=SDA Pin=J1-2
Removed Pin From Net: NetName=SCL Pin=J1-3
Removed Pin From Net: NetName=GND Pin=J2-2
Removed Pin From Net: NetName=VCC Pin=J2-4
Removed Pin From Net: NetName=VCC Pin=J3-1
Removed Pin From Net: NetName=SDA Pin=J3-2
Removed Pin From Net: NetName=SCL Pin=J3-3
Removed Pin From Net: NetName=VCC Pin=J3-5
Removed Pin From Net: NetName=GND Pin=J4-2
Removed Pin From Net: NetName=8511_2 Pin=J4-3
Removed Pin From Net: NetName=VCC Pin=J4-4
Added Pin To Net: NetName=SDA Pin=J1-1
Added Pin To Net: NetName=SCL Pin=J1-2
Added Pin To Net: NetName=VCC Pin=J1-3
Added Pin To Net: NetName=VCC Pin=J2-2
Added Pin To Net: NetName=8511_2 Pin=J2-4
Added Pin To Net: NetName=SDA Pin=J3-1
Added Pin To Net: NetName=SCL Pin=J3-2
Added Pin To Net: NetName=VCC Pin=J3-3
Added Pin To Net: NetName=GND Pin=J3-5
Added Pin To Net: NetName=VCC Pin=J4-2
Added Pin To Net: NetName=GND Pin=J4-3
Added Pin To Net: NetName=GND Pin=J4-4
