Remove Pin=BMP1-3 From Net=SCL
Remove Pin=BMP1-4 From Net=SDA
Remove Pin=DHT1-2 From Net=DHT
Remove Pin=J1-2 From Net=SDA
Remove Pin=J1-3 From Net=SCL
Remove Pin=J2-3 From Net=8511_1
Remove Pin=J3-2 From Net=SDA
Remove Pin=J3-3 From Net=SCL
Remove Pin=J4-3 From Net=8511_2
Remove Pin=MAX1-1 From Net=SO
Remove Pin=MAX1-2 From Net=CS
Remove Pin=MAX1-3 From Net=SCK
Remove Pin=U1-4 From Net=ML8511_2
Remove Pin=U1-5 From Net=ML8511_1
Remove Pin=U1-9 From Net=DHT11
Remove Pin=U1-17 From Net=SCL
Remove Pin=U1-18 From Net=SDA
Remove Pin=U1-22 From Net=SCK
Remove Pin=U1-23 From Net=SO
Remove Pin=U1-26 From Net=CS
Remove Pin=U1-28 From Net=RX
Remove Pin=U1-29 From Net=TX
